2025-09-05 13:40:11,758 - processed_data.modules.reverse_items_processor - INFO - 설정 파일 로드 완료: processed_data\reverse_items_config.json
2025-09-05 13:40:11,758 - processed_data.modules.reverse_items_processor - INFO - ReverseItemsProcessor 초기화 완료
2025-09-05 13:40:11,758 - processed_data.modules.reverse_items_processor - INFO - 척도 범위: 1-5
2025-09-05 13:40:24,993 - processed_data.modules.reverse_items_processor - INFO - 설정 파일 로드 완료: processed_data\reverse_items_config.json
2025-09-05 13:40:24,993 - processed_data.modules.reverse_items_processor - INFO - ReverseItemsProcessor 초기화 완료
2025-09-05 13:40:24,994 - processed_data.modules.reverse_items_processor - INFO - 척도 범위: 1-5
2025-09-05 13:40:25,000 - processed_data.modules.reverse_items_processor - INFO - 백업 완료: dce_variables.csv
2025-09-05 13:40:25,001 - processed_data.modules.reverse_items_processor - INFO - 백업 완료: demographics_1.csv
2025-09-05 13:40:25,004 - processed_data.modules.reverse_items_processor - INFO - 백업 완료: demographics_2.csv
2025-09-05 13:40:25,005 - processed_data.modules.reverse_items_processor - INFO - 백업 완료: factors_summary.csv
2025-09-05 13:40:25,007 - processed_data.modules.reverse_items_processor - INFO - 백업 완료: health_concern.csv
2025-09-05 13:40:25,009 - processed_data.modules.reverse_items_processor - INFO - 백업 완료: nutrition_knowledge.csv
2025-09-05 13:40:25,010 - processed_data.modules.reverse_items_processor - INFO - 백업 완료: perceived_benefit.csv
2025-09-05 13:40:25,012 - processed_data.modules.reverse_items_processor - INFO - 백업 완료: perceived_price.csv
2025-09-05 13:40:25,013 - processed_data.modules.reverse_items_processor - INFO - 백업 완료: purchase_intention.csv
2025-09-05 13:40:25,013 - processed_data.modules.reverse_items_processor - INFO - 전체 데이터 백업 완료: processed_data\survey_data_backup\backup_20250905_134024
2025-09-05 13:40:25,013 - processed_data.modules.reverse_items_processor - INFO - health_concern 처리 시작...
2025-09-05 13:40:25,013 - processed_data.modules.reverse_items_processor - INFO - health_concern: 역문항이 없습니다.
2025-09-05 13:40:25,014 - processed_data.modules.reverse_items_processor - INFO - perceived_benefit 처리 시작...
2025-09-05 13:40:25,023 - processed_data.modules.reverse_items_processor - INFO - perceived_benefit.q13 역코딩 완료: 300개 값 처리
2025-09-05 13:40:25,027 - processed_data.modules.reverse_items_processor - INFO - perceived_benefit 역문항 처리 완료 및 저장
2025-09-05 13:40:25,028 - processed_data.modules.reverse_items_processor - INFO - perceived_benefit 처리 완료: 1개 문항
2025-09-05 13:40:25,028 - processed_data.modules.reverse_items_processor - INFO - purchase_intention 처리 시작...
2025-09-05 13:40:25,028 - processed_data.modules.reverse_items_processor - INFO - purchase_intention: 역문항이 없습니다.
2025-09-05 13:40:25,029 - processed_data.modules.reverse_items_processor - INFO - perceived_price 처리 시작...
2025-09-05 13:40:25,032 - processed_data.modules.reverse_items_processor - INFO - perceived_price.q28 역코딩 완료: 300개 값 처리
2025-09-05 13:40:25,034 - processed_data.modules.reverse_items_processor - INFO - perceived_price 역문항 처리 완료 및 저장
2025-09-05 13:40:25,035 - processed_data.modules.reverse_items_processor - INFO - perceived_price 처리 완료: 1개 문항
2025-09-05 13:40:25,035 - processed_data.modules.reverse_items_processor - INFO - nutrition_knowledge 처리 시작...
2025-09-05 13:40:25,040 - processed_data.modules.reverse_items_processor - INFO - nutrition_knowledge.q30 역코딩 완료: 300개 값 처리
2025-09-05 13:40:25,040 - processed_data.modules.reverse_items_processor - INFO - nutrition_knowledge.q31 역코딩 완료: 300개 값 처리
2025-09-05 13:40:25,041 - processed_data.modules.reverse_items_processor - INFO - nutrition_knowledge.q32 역코딩 완료: 300개 값 처리
2025-09-05 13:40:25,042 - processed_data.modules.reverse_items_processor - INFO - nutrition_knowledge.q34 역코딩 완료: 300개 값 처리
2025-09-05 13:40:25,043 - processed_data.modules.reverse_items_processor - INFO - nutrition_knowledge.q35 역코딩 완료: 300개 값 처리
2025-09-05 13:40:25,043 - processed_data.modules.reverse_items_processor - INFO - nutrition_knowledge.q36 역코딩 완료: 300개 값 처리
2025-09-05 13:40:25,044 - processed_data.modules.reverse_items_processor - INFO - nutrition_knowledge.q38 역코딩 완료: 300개 값 처리
2025-09-05 13:40:25,045 - processed_data.modules.reverse_items_processor - INFO - nutrition_knowledge.q39 역코딩 완료: 300개 값 처리
2025-09-05 13:40:25,045 - processed_data.modules.reverse_items_processor - INFO - nutrition_knowledge.q42 역코딩 완료: 300개 값 처리
2025-09-05 13:40:25,046 - processed_data.modules.reverse_items_processor - INFO - nutrition_knowledge.q43 역코딩 완료: 300개 값 처리
2025-09-05 13:40:25,046 - processed_data.modules.reverse_items_processor - INFO - nutrition_knowledge.q44 역코딩 완료: 300개 값 처리
2025-09-05 13:40:25,047 - processed_data.modules.reverse_items_processor - INFO - nutrition_knowledge.q45 역코딩 완료: 300개 값 처리
2025-09-05 13:40:25,048 - processed_data.modules.reverse_items_processor - INFO - nutrition_knowledge.q46 역코딩 완료: 300개 값 처리
2025-09-05 13:40:25,050 - processed_data.modules.reverse_items_processor - INFO - nutrition_knowledge.q48 역코딩 완료: 300개 값 처리
2025-09-05 13:40:25,051 - processed_data.modules.reverse_items_processor - INFO - nutrition_knowledge.q49 역코딩 완료: 300개 값 처리
2025-09-05 13:40:25,056 - processed_data.modules.reverse_items_processor - INFO - nutrition_knowledge 역문항 처리 완료 및 저장
2025-09-05 13:40:25,056 - processed_data.modules.reverse_items_processor - INFO - nutrition_knowledge 처리 완료: 15개 문항
2025-09-05 13:40:25,057 - processed_data.modules.reverse_items_processor - INFO - 전체 역문항 처리 완료: 17개 문항 처리, 0개 오류
2025-09-05 13:40:37,442 - processed_data.modules.reverse_items_processor - INFO - 설정 파일 로드 완료: processed_data\reverse_items_config.json
2025-09-05 13:40:37,442 - processed_data.modules.reverse_items_processor - INFO - ReverseItemsProcessor 초기화 완료
2025-09-05 13:40:37,442 - processed_data.modules.reverse_items_processor - INFO - 척도 범위: 1-5
2025-09-05 14:44:51,320 - processed_data.modules.reverse_items_processor - INFO - 설정 파일 로드 완료: processed_data\reverse_items_config.json
2025-09-05 14:44:51,321 - processed_data.modules.reverse_items_processor - INFO - ReverseItemsProcessor 초기화 완료
2025-09-05 14:44:51,321 - processed_data.modules.reverse_items_processor - INFO - 척도 범위: 1-5
2025-09-05 14:45:09,265 - processed_data.modules.reverse_items_processor - INFO - 백업 완료: dce_variables.csv
2025-09-05 14:45:09,266 - processed_data.modules.reverse_items_processor - INFO - 백업 완료: demographics_1.csv
2025-09-05 14:45:09,270 - processed_data.modules.reverse_items_processor - INFO - 백업 완료: demographics_2.csv
2025-09-05 14:45:09,272 - processed_data.modules.reverse_items_processor - INFO - 백업 완료: factors_summary.csv
2025-09-05 14:45:09,274 - processed_data.modules.reverse_items_processor - INFO - 백업 완료: health_concern.csv
2025-09-05 14:45:09,275 - processed_data.modules.reverse_items_processor - INFO - 백업 완료: nutrition_knowledge.csv
2025-09-05 14:45:09,277 - processed_data.modules.reverse_items_processor - INFO - 백업 완료: perceived_benefit.csv
2025-09-05 14:45:09,278 - processed_data.modules.reverse_items_processor - INFO - 백업 완료: perceived_price.csv
2025-09-05 14:45:09,280 - processed_data.modules.reverse_items_processor - INFO - 백업 완료: purchase_intention.csv
2025-09-05 14:45:09,281 - processed_data.modules.reverse_items_processor - INFO - 전체 데이터 백업 완료: processed_data\survey_data_backup\backup_20250905_144509
2025-09-05 14:45:09,281 - processed_data.modules.reverse_items_processor - INFO - health_concern 처리 시작...
2025-09-05 14:45:09,282 - processed_data.modules.reverse_items_processor - INFO - health_concern: 역문항이 없습니다.
2025-09-05 14:45:09,282 - processed_data.modules.reverse_items_processor - INFO - perceived_benefit 처리 시작...
2025-09-05 14:45:09,289 - processed_data.modules.reverse_items_processor - INFO - perceived_benefit.q13 역코딩 완료: 300개 값 처리
2025-09-05 14:45:09,291 - processed_data.modules.reverse_items_processor - INFO - perceived_benefit 역문항 처리 완료 및 저장
2025-09-05 14:45:09,292 - processed_data.modules.reverse_items_processor - INFO - perceived_benefit 처리 완료: 1개 문항
2025-09-05 14:45:09,292 - processed_data.modules.reverse_items_processor - INFO - purchase_intention 처리 시작...
2025-09-05 14:45:09,292 - processed_data.modules.reverse_items_processor - INFO - purchase_intention: 역문항이 없습니다.
2025-09-05 14:45:09,292 - processed_data.modules.reverse_items_processor - INFO - perceived_price 처리 시작...
2025-09-05 14:45:09,295 - processed_data.modules.reverse_items_processor - INFO - perceived_price.q28 역코딩 완료: 300개 값 처리
2025-09-05 14:45:09,297 - processed_data.modules.reverse_items_processor - INFO - perceived_price 역문항 처리 완료 및 저장
2025-09-05 14:45:09,297 - processed_data.modules.reverse_items_processor - INFO - perceived_price 처리 완료: 1개 문항
2025-09-05 14:45:09,297 - processed_data.modules.reverse_items_processor - INFO - nutrition_knowledge 처리 시작...
2025-09-05 14:45:09,302 - processed_data.modules.reverse_items_processor - INFO - nutrition_knowledge.q30 역코딩 완료: 300개 값 처리
2025-09-05 14:45:09,303 - processed_data.modules.reverse_items_processor - INFO - nutrition_knowledge.q31 역코딩 완료: 300개 값 처리
2025-09-05 14:45:09,305 - processed_data.modules.reverse_items_processor - INFO - nutrition_knowledge.q32 역코딩 완료: 300개 값 처리
2025-09-05 14:45:09,306 - processed_data.modules.reverse_items_processor - INFO - nutrition_knowledge.q34 역코딩 완료: 300개 값 처리
2025-09-05 14:45:09,307 - processed_data.modules.reverse_items_processor - INFO - nutrition_knowledge.q35 역코딩 완료: 300개 값 처리
2025-09-05 14:45:09,309 - processed_data.modules.reverse_items_processor - INFO - nutrition_knowledge.q36 역코딩 완료: 300개 값 처리
2025-09-05 14:45:09,310 - processed_data.modules.reverse_items_processor - INFO - nutrition_knowledge.q38 역코딩 완료: 300개 값 처리
2025-09-05 14:45:09,311 - processed_data.modules.reverse_items_processor - INFO - nutrition_knowledge.q39 역코딩 완료: 300개 값 처리
2025-09-05 14:45:09,312 - processed_data.modules.reverse_items_processor - INFO - nutrition_knowledge.q42 역코딩 완료: 300개 값 처리
2025-09-05 14:45:09,313 - processed_data.modules.reverse_items_processor - INFO - nutrition_knowledge.q43 역코딩 완료: 300개 값 처리
2025-09-05 14:45:09,314 - processed_data.modules.reverse_items_processor - INFO - nutrition_knowledge.q44 역코딩 완료: 300개 값 처리
2025-09-05 14:45:09,314 - processed_data.modules.reverse_items_processor - INFO - nutrition_knowledge.q45 역코딩 완료: 300개 값 처리
2025-09-05 14:45:09,315 - processed_data.modules.reverse_items_processor - INFO - nutrition_knowledge.q46 역코딩 완료: 300개 값 처리
2025-09-05 14:45:09,316 - processed_data.modules.reverse_items_processor - INFO - nutrition_knowledge.q48 역코딩 완료: 300개 값 처리
2025-09-05 14:45:09,317 - processed_data.modules.reverse_items_processor - INFO - nutrition_knowledge.q49 역코딩 완료: 300개 값 처리
2025-09-05 14:45:09,319 - processed_data.modules.reverse_items_processor - INFO - nutrition_knowledge 역문항 처리 완료 및 저장
2025-09-05 14:45:09,319 - processed_data.modules.reverse_items_processor - INFO - nutrition_knowledge 처리 완료: 15개 문항
2025-09-05 14:45:09,320 - processed_data.modules.reverse_items_processor - INFO - 전체 역문항 처리 완료: 17개 문항 처리, 0개 오류
