2025-09-16 19:45:06,100 - INFO - 4개 요인으로 24개 조합 생성
2025-09-16 19:45:12,977 - INFO - No graphviz package found, visualization method is unavailable
2025-09-16 19:45:16,760 - INFO - 데이터 로더 초기화: processed_data\survey_data
2025-09-16 19:45:16,762 - INFO - 상호작용 빌더 초기화 완료
2025-09-16 19:45:16,762 - INFO - 조절효과 분석기 초기화 완료
2025-09-16 19:45:16,762 - INFO - 조절효과 분석 시작: perceived_benefit × perceived_price → health_concern
2025-09-16 19:45:16,770 - INFO - health_concern 데이터 로드 완료: (300, 7)
2025-09-16 19:45:16,778 - INFO - perceived_benefit 데이터 로드 완료: (300, 7)
2025-09-16 19:45:16,783 - INFO - perceived_price 데이터 로드 완료: (300, 4)
2025-09-16 19:45:16,785 - INFO - 3개 요인 데이터 로드 완료
2025-09-16 19:45:16,785 - INFO - 공통 관측치 수: 300
2025-09-16 19:45:16,789 - INFO - 결합 데이터셋 생성 완료: (300, 3)
2025-09-16 19:45:16,790 - INFO - 변수 중심화 완료
2025-09-16 19:45:16,790 - INFO - 상호작용항 생성: perceived_benefit × perceived_price
2025-09-16 19:45:16,791 - INFO - 상호작용항 'perceived_benefit_x_perceived_price' 생성 완료
2025-09-16 19:45:16,791 - INFO - 조절효과 모델 스펙 생성 시작
2025-09-16 19:45:16,791 - INFO - 조절효과 모델 스펙 생성 완료
2025-09-16 19:45:16,814 - INFO - 단순기울기 분석 시작
2025-09-16 19:45:16,818 - INFO - 단순기울기 분석 완료
2025-09-16 19:45:16,818 - INFO - 조건부 효과 계산 시작
2025-09-16 19:45:16,826 - INFO - 조건부 효과 계산 완료
2025-09-16 19:45:16,829 - INFO - 조절효과 분석 완료
2025-09-16 19:45:16,829 - INFO - 데이터 로더 초기화: processed_data\survey_data
2025-09-16 19:45:16,830 - INFO - 상호작용 빌더 초기화 완료
2025-09-16 19:45:16,830 - INFO - 조절효과 분석기 초기화 완료
2025-09-16 19:45:16,830 - INFO - 조절효과 분석 시작: perceived_benefit × nutrition_knowledge → health_concern
2025-09-16 19:45:16,830 - INFO - health_concern 데이터 로드 완료: (300, 7)
2025-09-16 19:45:16,832 - INFO - perceived_benefit 데이터 로드 완료: (300, 7)
2025-09-16 19:45:16,839 - INFO - nutrition_knowledge 데이터 로드 완료: (300, 21)
2025-09-16 19:45:16,839 - INFO - 3개 요인 데이터 로드 완료
2025-09-16 19:45:16,839 - INFO - 공통 관측치 수: 300
2025-09-16 19:45:16,841 - INFO - 결합 데이터셋 생성 완료: (300, 3)
2025-09-16 19:45:16,841 - INFO - 변수 중심화 완료
2025-09-16 19:45:16,842 - INFO - 상호작용항 생성: perceived_benefit × nutrition_knowledge
2025-09-16 19:45:16,842 - INFO - 상호작용항 'perceived_benefit_x_nutrition_knowledge' 생성 완료
2025-09-16 19:45:16,842 - INFO - 조절효과 모델 스펙 생성 시작
2025-09-16 19:45:16,842 - INFO - 조절효과 모델 스펙 생성 완료
2025-09-16 19:45:16,851 - INFO - 단순기울기 분석 시작
2025-09-16 19:45:16,856 - INFO - 단순기울기 분석 완료
2025-09-16 19:45:16,856 - INFO - 조건부 효과 계산 시작
2025-09-16 19:45:16,861 - INFO - 조건부 효과 계산 완료
2025-09-16 19:45:16,864 - INFO - 조절효과 분석 완료
2025-09-16 19:45:16,864 - INFO - 데이터 로더 초기화: processed_data\survey_data
2025-09-16 19:45:16,864 - INFO - 상호작용 빌더 초기화 완료
2025-09-16 19:45:16,864 - INFO - 조절효과 분석기 초기화 완료
2025-09-16 19:45:16,864 - INFO - 조절효과 분석 시작: perceived_price × perceived_benefit → health_concern
2025-09-16 19:45:16,866 - INFO - health_concern 데이터 로드 완료: (300, 7)
2025-09-16 19:45:16,867 - INFO - perceived_benefit 데이터 로드 완료: (300, 7)
2025-09-16 19:45:16,868 - INFO - perceived_price 데이터 로드 완료: (300, 4)
2025-09-16 19:45:16,868 - INFO - 3개 요인 데이터 로드 완료
2025-09-16 19:45:16,868 - INFO - 공통 관측치 수: 300
2025-09-16 19:45:16,870 - INFO - 결합 데이터셋 생성 완료: (300, 3)
2025-09-16 19:45:16,870 - INFO - 변수 중심화 완료
2025-09-16 19:45:16,870 - INFO - 상호작용항 생성: perceived_price × perceived_benefit
2025-09-16 19:45:16,871 - INFO - 상호작용항 'perceived_price_x_perceived_benefit' 생성 완료
2025-09-16 19:45:16,871 - INFO - 조절효과 모델 스펙 생성 시작
2025-09-16 19:45:16,871 - INFO - 조절효과 모델 스펙 생성 완료
2025-09-16 19:45:16,880 - INFO - 단순기울기 분석 시작
2025-09-16 19:45:16,885 - INFO - 단순기울기 분석 완료
2025-09-16 19:45:16,885 - INFO - 조건부 효과 계산 시작
2025-09-16 19:45:16,890 - INFO - 조건부 효과 계산 완료
2025-09-16 19:45:16,892 - INFO - 조절효과 분석 완료
2025-09-16 19:45:16,893 - INFO - 데이터 로더 초기화: processed_data\survey_data
2025-09-16 19:45:16,893 - INFO - 상호작용 빌더 초기화 완료
2025-09-16 19:45:16,893 - INFO - 조절효과 분석기 초기화 완료
2025-09-16 19:45:16,893 - INFO - 조절효과 분석 시작: perceived_price × nutrition_knowledge → health_concern
2025-09-16 19:45:16,893 - INFO - health_concern 데이터 로드 완료: (300, 7)
2025-09-16 19:45:16,895 - INFO - nutrition_knowledge 데이터 로드 완료: (300, 21)
2025-09-16 19:45:16,896 - INFO - perceived_price 데이터 로드 완료: (300, 4)
2025-09-16 19:45:16,896 - INFO - 3개 요인 데이터 로드 완료
2025-09-16 19:45:16,896 - INFO - 공통 관측치 수: 300
2025-09-16 19:45:16,899 - INFO - 결합 데이터셋 생성 완료: (300, 3)
2025-09-16 19:45:16,899 - INFO - 변수 중심화 완료
2025-09-16 19:45:16,899 - INFO - 상호작용항 생성: perceived_price × nutrition_knowledge
2025-09-16 19:45:16,899 - INFO - 상호작용항 'perceived_price_x_nutrition_knowledge' 생성 완료
2025-09-16 19:45:16,899 - INFO - 조절효과 모델 스펙 생성 시작
2025-09-16 19:45:16,899 - INFO - 조절효과 모델 스펙 생성 완료
2025-09-16 19:45:16,908 - INFO - 단순기울기 분석 시작
2025-09-16 19:45:16,912 - INFO - 단순기울기 분석 완료
2025-09-16 19:45:16,912 - INFO - 조건부 효과 계산 시작
2025-09-16 19:45:16,919 - INFO - 조건부 효과 계산 완료
2025-09-16 19:45:16,920 - INFO - 조절효과 분석 완료
2025-09-16 19:45:16,922 - INFO - 데이터 로더 초기화: processed_data\survey_data
2025-09-16 19:45:16,922 - INFO - 상호작용 빌더 초기화 완료
2025-09-16 19:45:16,922 - INFO - 조절효과 분석기 초기화 완료
2025-09-16 19:45:16,922 - INFO - 조절효과 분석 시작: nutrition_knowledge × perceived_benefit → health_concern
2025-09-16 19:45:16,922 - INFO - health_concern 데이터 로드 완료: (300, 7)
2025-09-16 19:45:16,923 - INFO - perceived_benefit 데이터 로드 완료: (300, 7)
2025-09-16 19:45:16,925 - INFO - nutrition_knowledge 데이터 로드 완료: (300, 21)
2025-09-16 19:45:16,925 - INFO - 3개 요인 데이터 로드 완료
2025-09-16 19:45:16,925 - INFO - 공통 관측치 수: 300
2025-09-16 19:45:16,926 - INFO - 결합 데이터셋 생성 완료: (300, 3)
2025-09-16 19:45:16,926 - INFO - 변수 중심화 완료
2025-09-16 19:45:16,926 - INFO - 상호작용항 생성: nutrition_knowledge × perceived_benefit
2025-09-16 19:45:16,926 - INFO - 상호작용항 'nutrition_knowledge_x_perceived_benefit' 생성 완료
2025-09-16 19:45:16,926 - INFO - 조절효과 모델 스펙 생성 시작
2025-09-16 19:45:16,926 - INFO - 조절효과 모델 스펙 생성 완료
2025-09-16 19:45:16,936 - INFO - 단순기울기 분석 시작
2025-09-16 19:45:16,941 - INFO - 단순기울기 분석 완료
2025-09-16 19:45:16,941 - INFO - 조건부 효과 계산 시작
2025-09-16 19:45:16,947 - INFO - 조건부 효과 계산 완료
2025-09-16 19:45:16,949 - INFO - 조절효과 분석 완료
2025-09-16 19:45:16,949 - INFO - 데이터 로더 초기화: processed_data\survey_data
2025-09-16 19:45:16,949 - INFO - 상호작용 빌더 초기화 완료
2025-09-16 19:45:16,949 - INFO - 조절효과 분석기 초기화 완료
2025-09-16 19:45:16,949 - INFO - 조절효과 분석 시작: nutrition_knowledge × perceived_price → health_concern
2025-09-16 19:45:16,951 - INFO - health_concern 데이터 로드 완료: (300, 7)
2025-09-16 19:45:16,952 - INFO - nutrition_knowledge 데이터 로드 완료: (300, 21)
2025-09-16 19:45:16,952 - INFO - perceived_price 데이터 로드 완료: (300, 4)
2025-09-16 19:45:16,952 - INFO - 3개 요인 데이터 로드 완료
2025-09-16 19:45:16,952 - INFO - 공통 관측치 수: 300
2025-09-16 19:45:16,954 - INFO - 결합 데이터셋 생성 완료: (300, 3)
2025-09-16 19:45:16,955 - INFO - 변수 중심화 완료
2025-09-16 19:45:16,955 - INFO - 상호작용항 생성: nutrition_knowledge × perceived_price
2025-09-16 19:45:16,955 - INFO - 상호작용항 'nutrition_knowledge_x_perceived_price' 생성 완료
2025-09-16 19:45:16,955 - INFO - 조절효과 모델 스펙 생성 시작
2025-09-16 19:45:16,955 - INFO - 조절효과 모델 스펙 생성 완료
2025-09-16 19:45:16,965 - INFO - 단순기울기 분석 시작
2025-09-16 19:45:16,969 - INFO - 단순기울기 분석 완료
2025-09-16 19:45:16,969 - INFO - 조건부 효과 계산 시작
2025-09-16 19:45:16,975 - INFO - 조건부 효과 계산 완료
2025-09-16 19:45:16,976 - INFO - 조절효과 분석 완료
2025-09-16 19:45:16,976 - INFO - 데이터 로더 초기화: processed_data\survey_data
2025-09-16 19:45:16,976 - INFO - 상호작용 빌더 초기화 완료
2025-09-16 19:45:16,976 - INFO - 조절효과 분석기 초기화 완료
2025-09-16 19:45:16,978 - INFO - 조절효과 분석 시작: health_concern × perceived_price → perceived_benefit
2025-09-16 19:45:16,979 - INFO - health_concern 데이터 로드 완료: (300, 7)
2025-09-16 19:45:16,979 - INFO - perceived_benefit 데이터 로드 완료: (300, 7)
2025-09-16 19:45:16,981 - INFO - perceived_price 데이터 로드 완료: (300, 4)
2025-09-16 19:45:16,981 - INFO - 3개 요인 데이터 로드 완료
2025-09-16 19:45:16,981 - INFO - 공통 관측치 수: 300
2025-09-16 19:45:16,983 - INFO - 결합 데이터셋 생성 완료: (300, 3)
2025-09-16 19:45:16,983 - INFO - 변수 중심화 완료
2025-09-16 19:45:16,983 - INFO - 상호작용항 생성: health_concern × perceived_price
2025-09-16 19:45:16,985 - INFO - 상호작용항 'health_concern_x_perceived_price' 생성 완료
2025-09-16 19:45:16,985 - INFO - 조절효과 모델 스펙 생성 시작
2025-09-16 19:45:16,985 - INFO - 조절효과 모델 스펙 생성 완료
2025-09-16 19:45:16,993 - INFO - 단순기울기 분석 시작
2025-09-16 19:45:16,997 - INFO - 단순기울기 분석 완료
2025-09-16 19:45:16,997 - INFO - 조건부 효과 계산 시작
2025-09-16 19:45:17,003 - INFO - 조건부 효과 계산 완료
2025-09-16 19:45:17,004 - INFO - 조절효과 분석 완료
2025-09-16 19:45:17,004 - INFO - 데이터 로더 초기화: processed_data\survey_data
2025-09-16 19:45:17,006 - INFO - 상호작용 빌더 초기화 완료
2025-09-16 19:45:17,006 - INFO - 조절효과 분석기 초기화 완료
2025-09-16 19:45:17,006 - INFO - 조절효과 분석 시작: health_concern × nutrition_knowledge → perceived_benefit
2025-09-16 19:45:17,007 - INFO - health_concern 데이터 로드 완료: (300, 7)
2025-09-16 19:45:17,007 - INFO - perceived_benefit 데이터 로드 완료: (300, 7)
2025-09-16 19:45:17,008 - INFO - nutrition_knowledge 데이터 로드 완료: (300, 21)
2025-09-16 19:45:17,008 - INFO - 3개 요인 데이터 로드 완료
2025-09-16 19:45:17,008 - INFO - 공통 관측치 수: 300
2025-09-16 19:45:17,010 - INFO - 결합 데이터셋 생성 완료: (300, 3)
2025-09-16 19:45:17,010 - INFO - 변수 중심화 완료
2025-09-16 19:45:17,011 - INFO - 상호작용항 생성: health_concern × nutrition_knowledge
2025-09-16 19:45:17,011 - INFO - 상호작용항 'health_concern_x_nutrition_knowledge' 생성 완료
2025-09-16 19:45:17,011 - INFO - 조절효과 모델 스펙 생성 시작
2025-09-16 19:45:17,011 - INFO - 조절효과 모델 스펙 생성 완료
2025-09-16 19:45:17,020 - INFO - 단순기울기 분석 시작
2025-09-16 19:45:17,023 - INFO - 단순기울기 분석 완료
2025-09-16 19:45:17,023 - INFO - 조건부 효과 계산 시작
2025-09-16 19:45:17,030 - INFO - 조건부 효과 계산 완료
2025-09-16 19:45:17,033 - INFO - 조절효과 분석 완료
2025-09-16 19:45:17,033 - INFO - 데이터 로더 초기화: processed_data\survey_data
2025-09-16 19:45:17,033 - INFO - 상호작용 빌더 초기화 완료
2025-09-16 19:45:17,033 - INFO - 조절효과 분석기 초기화 완료
2025-09-16 19:45:17,033 - INFO - 조절효과 분석 시작: perceived_price × health_concern → perceived_benefit
2025-09-16 19:45:17,034 - INFO - health_concern 데이터 로드 완료: (300, 7)
2025-09-16 19:45:17,034 - INFO - perceived_benefit 데이터 로드 완료: (300, 7)
2025-09-16 19:45:17,036 - INFO - perceived_price 데이터 로드 완료: (300, 4)
2025-09-16 19:45:17,037 - INFO - 3개 요인 데이터 로드 완료
2025-09-16 19:45:17,037 - INFO - 공통 관측치 수: 300
2025-09-16 19:45:17,038 - INFO - 결합 데이터셋 생성 완료: (300, 3)
2025-09-16 19:45:17,038 - INFO - 변수 중심화 완료
2025-09-16 19:45:17,038 - INFO - 상호작용항 생성: perceived_price × health_concern
2025-09-16 19:45:17,038 - INFO - 상호작용항 'perceived_price_x_health_concern' 생성 완료
2025-09-16 19:45:17,038 - INFO - 조절효과 모델 스펙 생성 시작
2025-09-16 19:45:17,038 - INFO - 조절효과 모델 스펙 생성 완료
2025-09-16 19:45:17,049 - INFO - 단순기울기 분석 시작
2025-09-16 19:45:17,053 - INFO - 단순기울기 분석 완료
2025-09-16 19:45:17,053 - INFO - 조건부 효과 계산 시작
2025-09-16 19:45:17,059 - INFO - 조건부 효과 계산 완료
2025-09-16 19:45:17,062 - INFO - 조절효과 분석 완료
2025-09-16 19:45:17,062 - INFO - 데이터 로더 초기화: processed_data\survey_data
2025-09-16 19:45:17,062 - INFO - 상호작용 빌더 초기화 완료
2025-09-16 19:45:17,062 - INFO - 조절효과 분석기 초기화 완료
2025-09-16 19:45:17,062 - INFO - 조절효과 분석 시작: perceived_price × nutrition_knowledge → perceived_benefit
2025-09-16 19:45:17,063 - INFO - perceived_benefit 데이터 로드 완료: (300, 7)
2025-09-16 19:45:17,065 - INFO - nutrition_knowledge 데이터 로드 완료: (300, 21)
2025-09-16 19:45:17,065 - INFO - perceived_price 데이터 로드 완료: (300, 4)
2025-09-16 19:45:17,066 - INFO - 3개 요인 데이터 로드 완료
2025-09-16 19:45:17,066 - INFO - 공통 관측치 수: 300
2025-09-16 19:45:17,068 - INFO - 결합 데이터셋 생성 완료: (300, 3)
2025-09-16 19:45:17,068 - INFO - 변수 중심화 완료
2025-09-16 19:45:17,068 - INFO - 상호작용항 생성: perceived_price × nutrition_knowledge
2025-09-16 19:45:17,069 - INFO - 상호작용항 'perceived_price_x_nutrition_knowledge' 생성 완료
2025-09-16 19:45:17,069 - INFO - 조절효과 모델 스펙 생성 시작
2025-09-16 19:45:17,069 - INFO - 조절효과 모델 스펙 생성 완료
2025-09-16 19:45:17,080 - INFO - 단순기울기 분석 시작
2025-09-16 19:45:17,085 - INFO - 단순기울기 분석 완료
2025-09-16 19:45:17,085 - INFO - 조건부 효과 계산 시작
2025-09-16 19:45:17,092 - INFO - 조건부 효과 계산 완료
2025-09-16 19:45:17,095 - INFO - 조절효과 분석 완료
2025-09-16 19:45:17,096 - INFO - 데이터 로더 초기화: processed_data\survey_data
2025-09-16 19:45:17,096 - INFO - 상호작용 빌더 초기화 완료
2025-09-16 19:45:17,096 - INFO - 조절효과 분석기 초기화 완료
2025-09-16 19:45:17,097 - INFO - 조절효과 분석 시작: nutrition_knowledge × health_concern → perceived_benefit
2025-09-16 19:45:17,097 - INFO - health_concern 데이터 로드 완료: (300, 7)
2025-09-16 19:45:17,098 - INFO - perceived_benefit 데이터 로드 완료: (300, 7)
2025-09-16 19:45:17,100 - INFO - nutrition_knowledge 데이터 로드 완료: (300, 21)
2025-09-16 19:45:17,100 - INFO - 3개 요인 데이터 로드 완료
2025-09-16 19:45:17,100 - INFO - 공통 관측치 수: 300
2025-09-16 19:45:17,101 - INFO - 결합 데이터셋 생성 완료: (300, 3)
2025-09-16 19:45:17,101 - INFO - 변수 중심화 완료
2025-09-16 19:45:17,101 - INFO - 상호작용항 생성: nutrition_knowledge × health_concern
2025-09-16 19:45:17,103 - INFO - 상호작용항 'nutrition_knowledge_x_health_concern' 생성 완료
2025-09-16 19:45:17,103 - INFO - 조절효과 모델 스펙 생성 시작
2025-09-16 19:45:17,103 - INFO - 조절효과 모델 스펙 생성 완료
2025-09-16 19:45:17,108 - INFO - 단순기울기 분석 시작
2025-09-16 19:45:17,111 - INFO - 단순기울기 분석 완료
2025-09-16 19:45:17,111 - INFO - 조건부 효과 계산 시작
2025-09-16 19:45:17,117 - INFO - 조건부 효과 계산 완료
2025-09-16 19:45:17,120 - INFO - 조절효과 분석 완료
2025-09-16 19:45:17,120 - INFO - 데이터 로더 초기화: processed_data\survey_data
2025-09-16 19:45:17,120 - INFO - 상호작용 빌더 초기화 완료
2025-09-16 19:45:17,120 - INFO - 조절효과 분석기 초기화 완료
2025-09-16 19:45:17,120 - INFO - 조절효과 분석 시작: nutrition_knowledge × perceived_price → perceived_benefit
2025-09-16 19:45:17,121 - INFO - perceived_benefit 데이터 로드 완료: (300, 7)
2025-09-16 19:45:17,123 - INFO - nutrition_knowledge 데이터 로드 완료: (300, 21)
2025-09-16 19:45:17,123 - INFO - perceived_price 데이터 로드 완료: (300, 4)
2025-09-16 19:45:17,123 - INFO - 3개 요인 데이터 로드 완료
2025-09-16 19:45:17,123 - INFO - 공통 관측치 수: 300
2025-09-16 19:45:17,124 - INFO - 결합 데이터셋 생성 완료: (300, 3)
2025-09-16 19:45:17,126 - INFO - 변수 중심화 완료
2025-09-16 19:45:17,126 - INFO - 상호작용항 생성: nutrition_knowledge × perceived_price
2025-09-16 19:45:17,126 - INFO - 상호작용항 'nutrition_knowledge_x_perceived_price' 생성 완료
2025-09-16 19:45:17,126 - INFO - 조절효과 모델 스펙 생성 시작
2025-09-16 19:45:17,126 - INFO - 조절효과 모델 스펙 생성 완료
2025-09-16 19:45:17,131 - INFO - 단순기울기 분석 시작
2025-09-16 19:45:17,134 - INFO - 단순기울기 분석 완료
2025-09-16 19:45:17,134 - INFO - 조건부 효과 계산 시작
2025-09-16 19:45:17,140 - INFO - 조건부 효과 계산 완료
2025-09-16 19:45:17,143 - INFO - 조절효과 분석 완료
2025-09-16 19:45:17,143 - INFO - 데이터 로더 초기화: processed_data\survey_data
2025-09-16 19:45:17,143 - INFO - 상호작용 빌더 초기화 완료
2025-09-16 19:45:17,143 - INFO - 조절효과 분석기 초기화 완료
2025-09-16 19:45:17,143 - INFO - 조절효과 분석 시작: health_concern × perceived_benefit → perceived_price
2025-09-16 19:45:17,145 - INFO - health_concern 데이터 로드 완료: (300, 7)
2025-09-16 19:45:17,145 - INFO - perceived_benefit 데이터 로드 완료: (300, 7)
2025-09-16 19:45:17,147 - INFO - perceived_price 데이터 로드 완료: (300, 4)
2025-09-16 19:45:17,147 - INFO - 3개 요인 데이터 로드 완료
2025-09-16 19:45:17,147 - INFO - 공통 관측치 수: 300
2025-09-16 19:45:17,148 - INFO - 결합 데이터셋 생성 완료: (300, 3)
2025-09-16 19:45:17,148 - INFO - 변수 중심화 완료
2025-09-16 19:45:17,148 - INFO - 상호작용항 생성: health_concern × perceived_benefit
2025-09-16 19:45:17,150 - INFO - 상호작용항 'health_concern_x_perceived_benefit' 생성 완료
2025-09-16 19:45:17,150 - INFO - 조절효과 모델 스펙 생성 시작
2025-09-16 19:45:17,150 - INFO - 조절효과 모델 스펙 생성 완료
2025-09-16 19:45:17,157 - INFO - 단순기울기 분석 시작
2025-09-16 19:45:17,161 - INFO - 단순기울기 분석 완료
2025-09-16 19:45:17,161 - INFO - 조건부 효과 계산 시작
2025-09-16 19:45:17,167 - INFO - 조건부 효과 계산 완료
2025-09-16 19:45:17,170 - INFO - 조절효과 분석 완료
2025-09-16 19:45:17,170 - INFO - 데이터 로더 초기화: processed_data\survey_data
2025-09-16 19:45:17,170 - INFO - 상호작용 빌더 초기화 완료
2025-09-16 19:45:17,170 - INFO - 조절효과 분석기 초기화 완료
2025-09-16 19:45:17,170 - INFO - 조절효과 분석 시작: health_concern × nutrition_knowledge → perceived_price
2025-09-16 19:45:17,171 - INFO - health_concern 데이터 로드 완료: (300, 7)
2025-09-16 19:45:17,171 - INFO - nutrition_knowledge 데이터 로드 완료: (300, 21)
2025-09-16 19:45:17,173 - INFO - perceived_price 데이터 로드 완료: (300, 4)
2025-09-16 19:45:17,173 - INFO - 3개 요인 데이터 로드 완료
2025-09-16 19:45:17,173 - INFO - 공통 관측치 수: 300
2025-09-16 19:45:17,174 - INFO - 결합 데이터셋 생성 완료: (300, 3)
2025-09-16 19:45:17,176 - INFO - 변수 중심화 완료
2025-09-16 19:45:17,176 - INFO - 상호작용항 생성: health_concern × nutrition_knowledge
2025-09-16 19:45:17,176 - INFO - 상호작용항 'health_concern_x_nutrition_knowledge' 생성 완료
2025-09-16 19:45:17,176 - INFO - 조절효과 모델 스펙 생성 시작
2025-09-16 19:45:17,176 - INFO - 조절효과 모델 스펙 생성 완료
2025-09-16 19:45:17,186 - INFO - 단순기울기 분석 시작
2025-09-16 19:45:17,190 - INFO - 단순기울기 분석 완료
2025-09-16 19:45:17,190 - INFO - 조건부 효과 계산 시작
2025-09-16 19:45:17,196 - INFO - 조건부 효과 계산 완료
2025-09-16 19:45:17,200 - INFO - 조절효과 분석 완료
2025-09-16 19:45:17,204 - INFO - 데이터 로더 초기화: processed_data\survey_data
2025-09-16 19:45:17,205 - INFO - 상호작용 빌더 초기화 완료
2025-09-16 19:45:17,205 - INFO - 조절효과 분석기 초기화 완료
2025-09-16 19:45:17,205 - INFO - 조절효과 분석 시작: perceived_benefit × health_concern → perceived_price
2025-09-16 19:45:17,205 - INFO - health_concern 데이터 로드 완료: (300, 7)
2025-09-16 19:45:17,206 - INFO - perceived_benefit 데이터 로드 완료: (300, 7)
2025-09-16 19:45:17,206 - INFO - perceived_price 데이터 로드 완료: (300, 4)
2025-09-16 19:45:17,208 - INFO - 3개 요인 데이터 로드 완료
2025-09-16 19:45:17,208 - INFO - 공통 관측치 수: 300
2025-09-16 19:45:17,209 - INFO - 결합 데이터셋 생성 완료: (300, 3)
2025-09-16 19:45:17,209 - INFO - 변수 중심화 완료
2025-09-16 19:45:17,209 - INFO - 상호작용항 생성: perceived_benefit × health_concern
2025-09-16 19:45:17,210 - INFO - 상호작용항 'perceived_benefit_x_health_concern' 생성 완료
2025-09-16 19:45:17,210 - INFO - 조절효과 모델 스펙 생성 시작
2025-09-16 19:45:17,210 - INFO - 조절효과 모델 스펙 생성 완료
2025-09-16 19:45:17,220 - INFO - 단순기울기 분석 시작
2025-09-16 19:45:17,223 - INFO - 단순기울기 분석 완료
2025-09-16 19:45:17,225 - INFO - 조건부 효과 계산 시작
2025-09-16 19:45:17,230 - INFO - 조건부 효과 계산 완료
2025-09-16 19:45:17,233 - INFO - 조절효과 분석 완료
2025-09-16 19:45:17,233 - INFO - 데이터 로더 초기화: processed_data\survey_data
2025-09-16 19:45:17,233 - INFO - 상호작용 빌더 초기화 완료
2025-09-16 19:45:17,233 - INFO - 조절효과 분석기 초기화 완료
2025-09-16 19:45:17,233 - INFO - 조절효과 분석 시작: perceived_benefit × nutrition_knowledge → perceived_price
2025-09-16 19:45:17,235 - INFO - perceived_benefit 데이터 로드 완료: (300, 7)
2025-09-16 19:45:17,235 - INFO - nutrition_knowledge 데이터 로드 완료: (300, 21)
2025-09-16 19:45:17,236 - INFO - perceived_price 데이터 로드 완료: (300, 4)
2025-09-16 19:45:17,236 - INFO - 3개 요인 데이터 로드 완료
2025-09-16 19:45:17,236 - INFO - 공통 관측치 수: 300
2025-09-16 19:45:17,239 - INFO - 결합 데이터셋 생성 완료: (300, 3)
2025-09-16 19:45:17,239 - INFO - 변수 중심화 완료
2025-09-16 19:45:17,239 - INFO - 상호작용항 생성: perceived_benefit × nutrition_knowledge
2025-09-16 19:45:17,239 - INFO - 상호작용항 'perceived_benefit_x_nutrition_knowledge' 생성 완료
2025-09-16 19:45:17,239 - INFO - 조절효과 모델 스펙 생성 시작
2025-09-16 19:45:17,239 - INFO - 조절효과 모델 스펙 생성 완료
2025-09-16 19:45:17,250 - INFO - 단순기울기 분석 시작
2025-09-16 19:45:17,253 - INFO - 단순기울기 분석 완료
2025-09-16 19:45:17,253 - INFO - 조건부 효과 계산 시작
2025-09-16 19:45:17,258 - INFO - 조건부 효과 계산 완료
2025-09-16 19:45:17,261 - INFO - 조절효과 분석 완료
2025-09-16 19:45:17,261 - INFO - 데이터 로더 초기화: processed_data\survey_data
2025-09-16 19:45:17,261 - INFO - 상호작용 빌더 초기화 완료
2025-09-16 19:45:17,261 - INFO - 조절효과 분석기 초기화 완료
2025-09-16 19:45:17,261 - INFO - 조절효과 분석 시작: nutrition_knowledge × health_concern → perceived_price
2025-09-16 19:45:17,263 - INFO - health_concern 데이터 로드 완료: (300, 7)
2025-09-16 19:45:17,264 - INFO - nutrition_knowledge 데이터 로드 완료: (300, 21)
2025-09-16 19:45:17,264 - INFO - perceived_price 데이터 로드 완료: (300, 4)
2025-09-16 19:45:17,266 - INFO - 3개 요인 데이터 로드 완료
2025-09-16 19:45:17,266 - INFO - 공통 관측치 수: 300
2025-09-16 19:45:17,267 - INFO - 결합 데이터셋 생성 완료: (300, 3)
2025-09-16 19:45:17,267 - INFO - 변수 중심화 완료
2025-09-16 19:45:17,267 - INFO - 상호작용항 생성: nutrition_knowledge × health_concern
2025-09-16 19:45:17,267 - INFO - 상호작용항 'nutrition_knowledge_x_health_concern' 생성 완료
2025-09-16 19:45:17,267 - INFO - 조절효과 모델 스펙 생성 시작
2025-09-16 19:45:17,267 - INFO - 조절효과 모델 스펙 생성 완료
2025-09-16 19:45:17,277 - INFO - 단순기울기 분석 시작
2025-09-16 19:45:17,280 - INFO - 단순기울기 분석 완료
2025-09-16 19:45:17,280 - INFO - 조건부 효과 계산 시작
2025-09-16 19:45:17,286 - INFO - 조건부 효과 계산 완료
2025-09-16 19:45:17,288 - INFO - 조절효과 분석 완료
2025-09-16 19:45:17,288 - INFO - 데이터 로더 초기화: processed_data\survey_data
2025-09-16 19:45:17,288 - INFO - 상호작용 빌더 초기화 완료
2025-09-16 19:45:17,288 - INFO - 조절효과 분석기 초기화 완료
2025-09-16 19:45:17,288 - INFO - 조절효과 분석 시작: nutrition_knowledge × perceived_benefit → perceived_price
2025-09-16 19:45:17,290 - INFO - perceived_benefit 데이터 로드 완료: (300, 7)
2025-09-16 19:45:17,291 - INFO - nutrition_knowledge 데이터 로드 완료: (300, 21)
2025-09-16 19:45:17,291 - INFO - perceived_price 데이터 로드 완료: (300, 4)
2025-09-16 19:45:17,291 - INFO - 3개 요인 데이터 로드 완료
2025-09-16 19:45:17,291 - INFO - 공통 관측치 수: 300
2025-09-16 19:45:17,294 - INFO - 결합 데이터셋 생성 완료: (300, 3)
2025-09-16 19:45:17,294 - INFO - 변수 중심화 완료
2025-09-16 19:45:17,294 - INFO - 상호작용항 생성: nutrition_knowledge × perceived_benefit
2025-09-16 19:45:17,294 - INFO - 상호작용항 'nutrition_knowledge_x_perceived_benefit' 생성 완료
2025-09-16 19:45:17,294 - INFO - 조절효과 모델 스펙 생성 시작
2025-09-16 19:45:17,294 - INFO - 조절효과 모델 스펙 생성 완료
2025-09-16 19:45:17,305 - INFO - 단순기울기 분석 시작
2025-09-16 19:45:17,309 - INFO - 단순기울기 분석 완료
2025-09-16 19:45:17,309 - INFO - 조건부 효과 계산 시작
2025-09-16 19:45:17,315 - INFO - 조건부 효과 계산 완료
2025-09-16 19:45:17,316 - INFO - 조절효과 분석 완료
2025-09-16 19:45:17,318 - INFO - 데이터 로더 초기화: processed_data\survey_data
2025-09-16 19:45:17,318 - INFO - 상호작용 빌더 초기화 완료
2025-09-16 19:45:17,318 - INFO - 조절효과 분석기 초기화 완료
2025-09-16 19:45:17,318 - INFO - 조절효과 분석 시작: health_concern × perceived_benefit → nutrition_knowledge
2025-09-16 19:45:17,319 - INFO - health_concern 데이터 로드 완료: (300, 7)
2025-09-16 19:45:17,319 - INFO - perceived_benefit 데이터 로드 완료: (300, 7)
2025-09-16 19:45:17,320 - INFO - nutrition_knowledge 데이터 로드 완료: (300, 21)
2025-09-16 19:45:17,320 - INFO - 3개 요인 데이터 로드 완료
2025-09-16 19:45:17,320 - INFO - 공통 관측치 수: 300
2025-09-16 19:45:17,322 - INFO - 결합 데이터셋 생성 완료: (300, 3)
2025-09-16 19:45:17,323 - INFO - 변수 중심화 완료
2025-09-16 19:45:17,323 - INFO - 상호작용항 생성: health_concern × perceived_benefit
2025-09-16 19:45:17,323 - INFO - 상호작용항 'health_concern_x_perceived_benefit' 생성 완료
2025-09-16 19:45:17,323 - INFO - 조절효과 모델 스펙 생성 시작
2025-09-16 19:45:17,323 - INFO - 조절효과 모델 스펙 생성 완료
2025-09-16 19:45:17,333 - INFO - 단순기울기 분석 시작
2025-09-16 19:45:17,336 - INFO - 단순기울기 분석 완료
2025-09-16 19:45:17,336 - INFO - 조건부 효과 계산 시작
2025-09-16 19:45:17,342 - INFO - 조건부 효과 계산 완료
2025-09-16 19:45:17,345 - INFO - 조절효과 분석 완료
2025-09-16 19:45:17,345 - INFO - 데이터 로더 초기화: processed_data\survey_data
2025-09-16 19:45:17,345 - INFO - 상호작용 빌더 초기화 완료
2025-09-16 19:45:17,345 - INFO - 조절효과 분석기 초기화 완료
2025-09-16 19:45:17,345 - INFO - 조절효과 분석 시작: health_concern × perceived_price → nutrition_knowledge
2025-09-16 19:45:17,346 - INFO - health_concern 데이터 로드 완료: (300, 7)
2025-09-16 19:45:17,348 - INFO - nutrition_knowledge 데이터 로드 완료: (300, 21)
2025-09-16 19:45:17,349 - INFO - perceived_price 데이터 로드 완료: (300, 4)
2025-09-16 19:45:17,349 - INFO - 3개 요인 데이터 로드 완료
2025-09-16 19:45:17,349 - INFO - 공통 관측치 수: 300
2025-09-16 19:45:17,350 - INFO - 결합 데이터셋 생성 완료: (300, 3)
2025-09-16 19:45:17,350 - INFO - 변수 중심화 완료
2025-09-16 19:45:17,350 - INFO - 상호작용항 생성: health_concern × perceived_price
2025-09-16 19:45:17,350 - INFO - 상호작용항 'health_concern_x_perceived_price' 생성 완료
2025-09-16 19:45:17,350 - INFO - 조절효과 모델 스펙 생성 시작
2025-09-16 19:45:17,352 - INFO - 조절효과 모델 스펙 생성 완료
2025-09-16 19:45:17,358 - INFO - 단순기울기 분석 시작
2025-09-16 19:45:17,361 - INFO - 단순기울기 분석 완료
2025-09-16 19:45:17,362 - INFO - 조건부 효과 계산 시작
2025-09-16 19:45:17,368 - INFO - 조건부 효과 계산 완료
2025-09-16 19:45:17,371 - INFO - 조절효과 분석 완료
2025-09-16 19:45:17,371 - INFO - 데이터 로더 초기화: processed_data\survey_data
2025-09-16 19:45:17,371 - INFO - 상호작용 빌더 초기화 완료
2025-09-16 19:45:17,371 - INFO - 조절효과 분석기 초기화 완료
2025-09-16 19:45:17,371 - INFO - 조절효과 분석 시작: perceived_benefit × health_concern → nutrition_knowledge
2025-09-16 19:45:17,372 - INFO - health_concern 데이터 로드 완료: (300, 7)
2025-09-16 19:45:17,372 - INFO - perceived_benefit 데이터 로드 완료: (300, 7)
2025-09-16 19:45:17,374 - INFO - nutrition_knowledge 데이터 로드 완료: (300, 21)
2025-09-16 19:45:17,374 - INFO - 3개 요인 데이터 로드 완료
2025-09-16 19:45:17,374 - INFO - 공통 관측치 수: 300
2025-09-16 19:45:17,375 - INFO - 결합 데이터셋 생성 완료: (300, 3)
2025-09-16 19:45:17,377 - INFO - 변수 중심화 완료
2025-09-16 19:45:17,377 - INFO - 상호작용항 생성: perceived_benefit × health_concern
2025-09-16 19:45:17,377 - INFO - 상호작용항 'perceived_benefit_x_health_concern' 생성 완료
2025-09-16 19:45:17,377 - INFO - 조절효과 모델 스펙 생성 시작
2025-09-16 19:45:17,377 - INFO - 조절효과 모델 스펙 생성 완료
2025-09-16 19:45:17,381 - INFO - 단순기울기 분석 시작
2025-09-16 19:45:17,386 - INFO - 단순기울기 분석 완료
2025-09-16 19:45:17,386 - INFO - 조건부 효과 계산 시작
2025-09-16 19:45:17,391 - INFO - 조건부 효과 계산 완료
2025-09-16 19:45:17,393 - INFO - 조절효과 분석 완료
2025-09-16 19:45:17,393 - INFO - 데이터 로더 초기화: processed_data\survey_data
2025-09-16 19:45:17,394 - INFO - 상호작용 빌더 초기화 완료
2025-09-16 19:45:17,394 - INFO - 조절효과 분석기 초기화 완료
2025-09-16 19:45:17,394 - INFO - 조절효과 분석 시작: perceived_benefit × perceived_price → nutrition_knowledge
2025-09-16 19:45:17,394 - INFO - perceived_benefit 데이터 로드 완료: (300, 7)
2025-09-16 19:45:17,396 - INFO - nutrition_knowledge 데이터 로드 완료: (300, 21)
2025-09-16 19:45:17,397 - INFO - perceived_price 데이터 로드 완료: (300, 4)
2025-09-16 19:45:17,397 - INFO - 3개 요인 데이터 로드 완료
2025-09-16 19:45:17,397 - INFO - 공통 관측치 수: 300
2025-09-16 19:45:17,398 - INFO - 결합 데이터셋 생성 완료: (300, 3)
2025-09-16 19:45:17,400 - INFO - 변수 중심화 완료
2025-09-16 19:45:17,400 - INFO - 상호작용항 생성: perceived_benefit × perceived_price
2025-09-16 19:45:17,400 - INFO - 상호작용항 'perceived_benefit_x_perceived_price' 생성 완료
2025-09-16 19:45:17,400 - INFO - 조절효과 모델 스펙 생성 시작
2025-09-16 19:45:17,400 - INFO - 조절효과 모델 스펙 생성 완료
2025-09-16 19:45:17,406 - INFO - 단순기울기 분석 시작
2025-09-16 19:45:17,410 - INFO - 단순기울기 분석 완료
2025-09-16 19:45:17,410 - INFO - 조건부 효과 계산 시작
2025-09-16 19:45:17,417 - INFO - 조건부 효과 계산 완료
2025-09-16 19:45:17,418 - INFO - 조절효과 분석 완료
2025-09-16 19:45:17,418 - INFO - 데이터 로더 초기화: processed_data\survey_data
2025-09-16 19:45:17,418 - INFO - 상호작용 빌더 초기화 완료
2025-09-16 19:45:17,418 - INFO - 조절효과 분석기 초기화 완료
2025-09-16 19:45:17,420 - INFO - 조절효과 분석 시작: perceived_price × health_concern → nutrition_knowledge
2025-09-16 19:45:17,420 - INFO - health_concern 데이터 로드 완료: (300, 7)
2025-09-16 19:45:17,421 - INFO - nutrition_knowledge 데이터 로드 완료: (300, 21)
2025-09-16 19:45:17,423 - INFO - perceived_price 데이터 로드 완료: (300, 4)
2025-09-16 19:45:17,423 - INFO - 3개 요인 데이터 로드 완료
2025-09-16 19:45:17,423 - INFO - 공통 관측치 수: 300
2025-09-16 19:45:17,425 - INFO - 결합 데이터셋 생성 완료: (300, 3)
2025-09-16 19:45:17,425 - INFO - 변수 중심화 완료
2025-09-16 19:45:17,425 - INFO - 상호작용항 생성: perceived_price × health_concern
2025-09-16 19:45:17,425 - INFO - 상호작용항 'perceived_price_x_health_concern' 생성 완료
2025-09-16 19:45:17,425 - INFO - 조절효과 모델 스펙 생성 시작
2025-09-16 19:45:17,425 - INFO - 조절효과 모델 스펙 생성 완료
2025-09-16 19:45:17,430 - INFO - 단순기울기 분석 시작
2025-09-16 19:45:17,435 - INFO - 단순기울기 분석 완료
2025-09-16 19:45:17,435 - INFO - 조건부 효과 계산 시작
2025-09-16 19:45:17,440 - INFO - 조건부 효과 계산 완료
2025-09-16 19:45:17,442 - INFO - 조절효과 분석 완료
2025-09-16 19:45:17,443 - INFO - 데이터 로더 초기화: processed_data\survey_data
2025-09-16 19:45:17,443 - INFO - 상호작용 빌더 초기화 완료
2025-09-16 19:45:17,443 - INFO - 조절효과 분석기 초기화 완료
2025-09-16 19:45:17,443 - INFO - 조절효과 분석 시작: perceived_price × perceived_benefit → nutrition_knowledge
2025-09-16 19:45:17,443 - INFO - perceived_benefit 데이터 로드 완료: (300, 7)
2025-09-16 19:45:17,445 - INFO - nutrition_knowledge 데이터 로드 완료: (300, 21)
2025-09-16 19:45:17,446 - INFO - perceived_price 데이터 로드 완료: (300, 4)
2025-09-16 19:45:17,446 - INFO - 3개 요인 데이터 로드 완료
2025-09-16 19:45:17,446 - INFO - 공통 관측치 수: 300
2025-09-16 19:45:17,449 - INFO - 결합 데이터셋 생성 완료: (300, 3)
2025-09-16 19:45:17,449 - INFO - 변수 중심화 완료
2025-09-16 19:45:17,449 - INFO - 상호작용항 생성: perceived_price × perceived_benefit
2025-09-16 19:45:17,449 - INFO - 상호작용항 'perceived_price_x_perceived_benefit' 생성 완료
2025-09-16 19:45:17,449 - INFO - 조절효과 모델 스펙 생성 시작
2025-09-16 19:45:17,449 - INFO - 조절효과 모델 스펙 생성 완료
2025-09-16 19:45:17,456 - INFO - 단순기울기 분석 시작
2025-09-16 19:45:17,459 - INFO - 단순기울기 분석 완료
2025-09-16 19:45:17,459 - INFO - 조건부 효과 계산 시작
2025-09-16 19:45:17,466 - INFO - 조건부 효과 계산 완료
2025-09-16 19:45:17,469 - INFO - 조절효과 분석 완료
