2025-09-19 11:08:08,984 - root - INFO - No graphviz package found, visualization method is unavailable
2025-09-19 11:08:11,366 - root - ERROR - 기존 FactorConfig 모듈을 찾을 수 없습니다: No module named 'survey_data_preprocessor'
2025-09-19 11:08:14,994 - __main__ - ERROR - 하이브리드 선택 모델 모듈을 임포트할 수 없습니다: No module named 'src.analysis.hybrid_choice_model.config.estimation_config'
2025-09-19 11:08:14,997 - __main__ - ERROR - 하이브리드 선택 모델 모듈을 사용할 수 없습니다.
2025-09-19 11:10:36,664 - root - INFO - No graphviz package found, visualization method is unavailable
2025-09-19 11:10:36,894 - root - ERROR - 기존 FactorConfig 모듈을 찾을 수 없습니다: No module named 'survey_data_preprocessor'
2025-09-19 11:10:37,377 - __main__ - WARNING - 하이브리드 모듈 임포트 실패: cannot import name 'OptimizationConfig' from 'src.analysis.hybrid_choice_model.config.estimation_config' (C:\Users\KimTaeseok\OneDrive - 제주대학교\Research\Coding\Sugar_substitue_2025_Heo\src\analysis\hybrid_choice_model\config\estimation_config.py)
2025-09-19 11:10:37,379 - __main__ - ERROR - 하이브리드 선택 모델 모듈을 사용할 수 없습니다.
2025-09-19 11:15:56,891 - root - INFO - No graphviz package found, visualization method is unavailable
2025-09-19 11:15:57,116 - root - ERROR - 기존 FactorConfig 모듈을 찾을 수 없습니다: No module named 'survey_data_preprocessor'
2025-09-19 11:15:57,621 - __main__ - WARNING - 하이브리드 모듈 임포트 실패: cannot import name 'OptimizationConfig' from 'src.analysis.hybrid_choice_model.config.estimation_config' (C:\Users\KimTaeseok\OneDrive - 제주대학교\Research\Coding\Sugar_substitue_2025_Heo\src\analysis\hybrid_choice_model\config\estimation_config.py)
2025-09-19 11:15:57,621 - __main__ - INFO - 기본 분석 기능만 사용 가능합니다.
2025-09-19 11:15:57,624 - __main__ - ERROR - 하이브리드 선택 모델 모듈을 사용할 수 없습니다.
2025-09-19 11:17:22,243 - root - INFO - No graphviz package found, visualization method is unavailable
2025-09-19 11:17:22,463 - root - ERROR - 기존 FactorConfig 모듈을 찾을 수 없습니다: No module named 'survey_data_preprocessor'
2025-09-19 11:17:22,968 - __main__ - WARNING - 하이브리드 모듈 임포트 실패: cannot import name 'OptimizationConfig' from 'src.analysis.hybrid_choice_model.config.estimation_config' (C:\Users\KimTaeseok\OneDrive - 제주대학교\Research\Coding\Sugar_substitue_2025_Heo\src\analysis\hybrid_choice_model\config\estimation_config.py)
2025-09-19 11:17:22,968 - __main__ - INFO - 기본 분석 기능만 사용 가능합니다.
2025-09-19 11:17:34,142 - root - INFO - No graphviz package found, visualization method is unavailable
2025-09-19 11:17:34,374 - root - ERROR - 기존 FactorConfig 모듈을 찾을 수 없습니다: No module named 'survey_data_preprocessor'
2025-09-19 11:17:34,871 - __main__ - WARNING - 하이브리드 모듈 임포트 실패: cannot import name 'OptimizationConfig' from 'src.analysis.hybrid_choice_model.config.estimation_config' (C:\Users\KimTaeseok\OneDrive - 제주대학교\Research\Coding\Sugar_substitue_2025_Heo\src\analysis\hybrid_choice_model\config\estimation_config.py)
2025-09-19 11:17:34,871 - __main__ - INFO - 기본 분석 기능만 사용 가능합니다.
2025-09-19 11:17:34,874 - __main__ - INFO - 샘플 데이터를 로드합니다...
2025-09-19 11:17:34,893 - __main__ - INFO - 임시 DCE 데이터를 생성했습니다.
2025-09-19 11:17:34,896 - __main__ - INFO - SEM 데이터 로드됨: data\processed\survey\factors_summary.csv (8개 관측치)
2025-09-19 11:17:34,896 - __main__ - INFO - === MULTINOMIAL_LOGIT 모델 분석 시작 (간단 버전) ===
2025-09-19 11:17:34,896 - __main__ - INFO - 1단계: 데이터 통합
2025-09-19 11:17:34,905 - __main__ - INFO - 데이터 통합 완료: 63개 관측치
2025-09-19 11:17:34,906 - __main__ - INFO - 2단계: 측정모델 분석
2025-09-19 11:17:34,906 - __main__ - INFO - 요인점수 계산 완료: 0개 잠재변수
2025-09-19 11:17:34,906 - __main__ - INFO - 3단계: 선택모델 분석
2025-09-19 11:17:34,908 - __main__ - INFO - multinomial_logit 모델 분석 성공!
2025-09-19 11:17:34,908 - __main__ - INFO - 데이터 요약: {'total_observations': 63, 'dce_observations': 900, 'sem_observations': 8, 'common_individuals': 7}
2025-09-19 11:17:34,908 - __main__ - INFO - 모델 적합도: {'log_likelihood': -500.0, 'aic': 1000.0, 'bic': 1100.0, 'rho_squared': 0.3}
2025-09-19 11:17:34,909 - __main__ - INFO - 하이브리드 선택 모델 분석이 완료되었습니다.
2025-09-19 11:17:45,974 - root - INFO - No graphviz package found, visualization method is unavailable
2025-09-19 11:17:46,187 - root - ERROR - 기존 FactorConfig 모듈을 찾을 수 없습니다: No module named 'survey_data_preprocessor'
2025-09-19 11:17:46,662 - __main__ - WARNING - 하이브리드 모듈 임포트 실패: cannot import name 'OptimizationConfig' from 'src.analysis.hybrid_choice_model.config.estimation_config' (C:\Users\KimTaeseok\OneDrive - 제주대학교\Research\Coding\Sugar_substitue_2025_Heo\src\analysis\hybrid_choice_model\config\estimation_config.py)
2025-09-19 11:17:46,662 - __main__ - INFO - 기본 분석 기능만 사용 가능합니다.
2025-09-19 11:17:46,663 - __main__ - INFO - 샘플 데이터를 로드합니다...
2025-09-19 11:17:46,677 - __main__ - INFO - 임시 DCE 데이터를 생성했습니다.
2025-09-19 11:17:46,678 - __main__ - INFO - SEM 데이터 로드됨: data\processed\survey\factors_summary.csv (8개 관측치)
2025-09-19 11:17:46,678 - __main__ - INFO - === MULTINOMIAL_LOGIT 모델 분석 시작 (간단 버전) ===
2025-09-19 11:17:46,680 - __main__ - INFO - 1단계: 데이터 통합
2025-09-19 11:17:46,680 - __main__ - INFO - 데이터 통합 완료: 63개 관측치
2025-09-19 11:17:46,681 - __main__ - INFO - 2단계: 측정모델 분석
2025-09-19 11:17:46,681 - __main__ - INFO - 요인점수 계산 완료: 0개 잠재변수
2025-09-19 11:17:46,681 - __main__ - INFO - 3단계: 선택모델 분석
2025-09-19 11:17:46,681 - __main__ - INFO - multinomial_logit 모델 분석 성공!
2025-09-19 11:17:46,681 - __main__ - INFO - 데이터 요약: {'total_observations': 63, 'dce_observations': 900, 'sem_observations': 8, 'common_individuals': 7}
2025-09-19 11:17:46,681 - __main__ - INFO - 모델 적합도: {'log_likelihood': -500.0, 'aic': 1000.0, 'bic': 1100.0, 'rho_squared': 0.3}
2025-09-19 11:17:46,681 - __main__ - INFO - 하이브리드 선택 모델 분석이 완료되었습니다.
2025-09-19 11:26:19,784 - root - INFO - No graphviz package found, visualization method is unavailable
2025-09-19 11:26:22,079 - root - ERROR - 기존 FactorConfig 모듈을 찾을 수 없습니다: No module named 'survey_data_preprocessor'
2025-09-19 11:26:25,642 - __main__ - WARNING - 하이브리드 모듈 임포트 실패: cannot import name 'OptimizationConfig' from 'src.analysis.hybrid_choice_model.config.estimation_config' (C:\Users\KimTaeseok\OneDrive - 제주대학교\Research\Coding\Sugar_substitue_2025_Heo\src\analysis\hybrid_choice_model\config\estimation_config.py)
2025-09-19 11:26:25,643 - __main__ - INFO - 기본 분석 기능만 사용 가능합니다.
2025-09-19 11:26:25,644 - __main__ - INFO - 샘플 데이터를 로드합니다...
2025-09-19 11:26:25,659 - __main__ - INFO - 임시 DCE 데이터를 생성했습니다.
2025-09-19 11:26:25,661 - __main__ - INFO - SEM 데이터 로드됨: data\processed\survey\factors_summary.csv (8개 관측치)
2025-09-19 11:26:25,661 - __main__ - INFO - === MULTINOMIAL_LOGIT 모델 분석 시작 (간단 버전) ===
2025-09-19 11:26:25,661 - __main__ - INFO - 1단계: 데이터 통합
2025-09-19 11:26:25,662 - __main__ - INFO - 데이터 통합 완료: 63개 관측치
2025-09-19 11:26:25,664 - __main__ - INFO - 2단계: 측정모델 분석
2025-09-19 11:26:25,664 - __main__ - INFO - 요인점수 계산 완료: 0개 잠재변수
2025-09-19 11:26:25,664 - __main__ - INFO - 3단계: 선택모델 분석
2025-09-19 11:26:25,664 - __main__ - INFO - multinomial_logit 모델 분석 성공!
2025-09-19 11:26:25,664 - __main__ - INFO - 데이터 요약: {'total_observations': 63, 'dce_observations': 900, 'sem_observations': 8, 'common_individuals': 7}
2025-09-19 11:26:25,664 - __main__ - INFO - 모델 적합도: {'log_likelihood': -500.0, 'aic': 1000.0, 'bic': 1100.0, 'rho_squared': 0.3}
2025-09-19 11:26:25,664 - __main__ - INFO - 하이브리드 선택 모델 분석이 완료되었습니다.
2025-09-19 11:26:47,835 - root - INFO - No graphviz package found, visualization method is unavailable
2025-09-19 11:26:48,044 - root - ERROR - 기존 FactorConfig 모듈을 찾을 수 없습니다: No module named 'survey_data_preprocessor'
2025-09-19 11:26:48,510 - __main__ - WARNING - 하이브리드 모듈 임포트 실패: cannot import name 'OptimizationConfig' from 'src.analysis.hybrid_choice_model.config.estimation_config' (C:\Users\KimTaeseok\OneDrive - 제주대학교\Research\Coding\Sugar_substitue_2025_Heo\src\analysis\hybrid_choice_model\config\estimation_config.py)
2025-09-19 11:26:48,511 - __main__ - INFO - 기본 분석 기능만 사용 가능합니다.
2025-09-19 11:26:48,513 - __main__ - INFO - 샘플 데이터를 로드합니다...
2025-09-19 11:26:48,527 - __main__ - INFO - 임시 DCE 데이터를 생성했습니다.
2025-09-19 11:26:48,530 - __main__ - INFO - SEM 데이터 로드됨: data\processed\survey\factors_summary.csv (8개 관측치)
2025-09-19 11:26:48,530 - __main__ - INFO - === MULTINOMIAL_LOGIT 모델 분석 시작 (간단 버전) ===
2025-09-19 11:26:48,530 - __main__ - INFO - 1단계: 데이터 통합
2025-09-19 11:26:48,532 - __main__ - INFO - 데이터 통합 완료: 63개 관측치
2025-09-19 11:26:48,532 - __main__ - INFO - 2단계: 측정모델 분석
2025-09-19 11:26:48,532 - __main__ - INFO - 요인점수 계산 완료: 0개 잠재변수
2025-09-19 11:26:48,532 - __main__ - INFO - 3단계: 선택모델 분석
2025-09-19 11:26:48,533 - __main__ - INFO - multinomial_logit 모델 분석 성공!
2025-09-19 11:26:48,533 - __main__ - INFO - 데이터 요약: {'total_observations': 63, 'dce_observations': 900, 'sem_observations': 8, 'common_individuals': 7}
2025-09-19 11:26:48,533 - __main__ - INFO - 모델 적합도: {'log_likelihood': -500.0, 'aic': 1000.0, 'bic': 1100.0, 'rho_squared': 0.3}
2025-09-19 11:26:48,533 - __main__ - INFO - 하이브리드 선택 모델 분석이 완료되었습니다.
2025-09-19 11:26:55,868 - root - INFO - No graphviz package found, visualization method is unavailable
2025-09-19 11:26:56,078 - root - ERROR - 기존 FactorConfig 모듈을 찾을 수 없습니다: No module named 'survey_data_preprocessor'
2025-09-19 11:26:56,544 - __main__ - WARNING - 하이브리드 모듈 임포트 실패: cannot import name 'OptimizationConfig' from 'src.analysis.hybrid_choice_model.config.estimation_config' (C:\Users\KimTaeseok\OneDrive - 제주대학교\Research\Coding\Sugar_substitue_2025_Heo\src\analysis\hybrid_choice_model\config\estimation_config.py)
2025-09-19 11:26:56,545 - __main__ - INFO - 기본 분석 기능만 사용 가능합니다.
2025-09-19 11:26:56,547 - __main__ - INFO - 샘플 데이터를 로드합니다...
2025-09-19 11:26:56,560 - __main__ - INFO - 임시 DCE 데이터를 생성했습니다.
2025-09-19 11:26:56,563 - __main__ - INFO - SEM 데이터 로드됨: data\processed\survey\factors_summary.csv (8개 관측치)
2025-09-19 11:26:56,563 - __main__ - INFO - === MULTINOMIAL_LOGIT 모델 분석 시작 (간단 버전) ===
2025-09-19 11:26:56,563 - __main__ - INFO - 1단계: 데이터 통합
2025-09-19 11:26:56,566 - __main__ - INFO - 데이터 통합 완료: 63개 관측치
2025-09-19 11:26:56,566 - __main__ - INFO - 2단계: 측정모델 분석
2025-09-19 11:26:56,566 - __main__ - INFO - 요인점수 계산 완료: 0개 잠재변수
2025-09-19 11:26:56,566 - __main__ - INFO - 3단계: 선택모델 분석
2025-09-19 11:26:56,567 - __main__ - INFO - multinomial_logit 모델 분석 성공!
2025-09-19 11:26:56,567 - __main__ - INFO - 데이터 요약: {'total_observations': 63, 'dce_observations': 900, 'sem_observations': 8, 'common_individuals': 7}
2025-09-19 11:26:56,567 - __main__ - INFO - 모델 적합도: {'log_likelihood': -500.0, 'aic': 1000.0, 'bic': 1100.0, 'rho_squared': 0.3}
2025-09-19 11:26:56,567 - __main__ - INFO - 하이브리드 선택 모델 분석이 완료되었습니다.
2025-09-19 11:31:29,394 - root - INFO - No graphviz package found, visualization method is unavailable
2025-09-19 11:31:29,624 - root - ERROR - 기존 FactorConfig 모듈을 찾을 수 없습니다: No module named 'survey_data_preprocessor'
2025-09-19 11:31:30,095 - __main__ - WARNING - 하이브리드 모듈 임포트 실패: cannot import name 'OptimizationConfig' from 'src.analysis.hybrid_choice_model.config.estimation_config' (C:\Users\KimTaeseok\OneDrive - 제주대학교\Research\Coding\Sugar_substitue_2025_Heo\src\analysis\hybrid_choice_model\config\estimation_config.py)
2025-09-19 11:31:30,095 - __main__ - INFO - 기본 분석 기능만 사용 가능합니다.
2025-09-19 11:31:30,097 - __main__ - INFO - 샘플 데이터를 로드합니다...
2025-09-19 11:31:30,233 - __main__ - INFO - 임시 DCE 데이터를 생성했습니다.
2025-09-19 11:31:30,268 - __main__ - INFO - 실제 SEM 데이터 로드 성공: 314개 관측치
2025-09-19 11:31:30,270 - __main__ - INFO - === MULTINOMIAL_LOGIT 모델 분석 시작 (간단 버전) ===
2025-09-19 11:31:30,270 - __main__ - INFO - 1단계: 데이터 통합
2025-09-19 11:31:30,271 - __main__ - INFO - 데이터 통합 완료: 6624개 관측치
2025-09-19 11:31:30,271 - __main__ - INFO - 2단계: 측정모델 분석
2025-09-19 11:31:30,273 - __main__ - INFO - 요인점수 계산 완료: 4개 잠재변수
2025-09-19 11:31:30,273 - __main__ - INFO - 3단계: 선택모델 분석
2025-09-19 11:31:30,274 - __main__ - INFO - multinomial_logit 모델 분석 성공!
2025-09-19 11:31:30,275 - __main__ - INFO - 데이터 요약: {'total_observations': 6624, 'dce_observations': 7224, 'sem_observations': 314, 'common_individuals': 261}
2025-09-19 11:31:30,275 - __main__ - INFO - 모델 적합도: {'log_likelihood': -500.0, 'aic': 1000.0, 'bic': 1100.0, 'rho_squared': 0.3}
2025-09-19 11:31:30,289 - __main__ - INFO - 결과 저장 완료:
2025-09-19 11:31:30,289 - __main__ - INFO -   - JSON: results\current\hybrid_choice_model\hybrid_analysis_multinomial_logit_20250919_113130.json
2025-09-19 11:31:30,289 - __main__ - INFO -   - 요약: results\current\hybrid_choice_model\hybrid_summary_multinomial_logit_20250919_113130.txt
2025-09-19 11:31:30,289 - __main__ - INFO -   - CSV: results\current\hybrid_choice_model\hybrid_results_multinomial_logit_20250919_113130.csv
2025-09-19 11:31:30,289 - __main__ - INFO - 하이브리드 선택 모델 분석이 완료되었습니다.
2025-09-19 11:33:05,023 - root - INFO - No graphviz package found, visualization method is unavailable
2025-09-19 11:33:05,229 - root - ERROR - 기존 FactorConfig 모듈을 찾을 수 없습니다: No module named 'survey_data_preprocessor'
2025-09-19 11:33:05,687 - __main__ - WARNING - 하이브리드 모듈 임포트 실패: cannot import name 'OptimizationConfig' from 'src.analysis.hybrid_choice_model.config.estimation_config' (C:\Users\KimTaeseok\OneDrive - 제주대학교\Research\Coding\Sugar_substitue_2025_Heo\src\analysis\hybrid_choice_model\config\estimation_config.py)
2025-09-19 11:33:05,687 - __main__ - INFO - 기본 분석 기능만 사용 가능합니다.
2025-09-19 11:33:05,688 - __main__ - INFO - 샘플 데이터를 로드합니다...
2025-09-19 11:33:05,828 - __main__ - INFO - 임시 DCE 데이터를 생성했습니다.
2025-09-19 11:33:05,836 - __main__ - INFO - 실제 SEM 데이터 로드 성공: 314개 관측치
2025-09-19 11:33:05,836 - __main__ - INFO - === RANDOM_PARAMETERS_LOGIT 모델 분석 시작 (간단 버전) ===
2025-09-19 11:33:05,836 - __main__ - INFO - 1단계: 데이터 통합
2025-09-19 11:33:05,838 - __main__ - INFO - 데이터 통합 완료: 6624개 관측치
2025-09-19 11:33:05,839 - __main__ - INFO - 2단계: 측정모델 분석
2025-09-19 11:33:05,839 - __main__ - INFO - 요인점수 계산 완료: 4개 잠재변수
2025-09-19 11:33:05,839 - __main__ - INFO - 3단계: 선택모델 분석
2025-09-19 11:33:05,841 - __main__ - INFO - random_parameters_logit 모델 분석 성공!
2025-09-19 11:33:05,841 - __main__ - INFO - 데이터 요약: {'total_observations': 6624, 'dce_observations': 7224, 'sem_observations': 314, 'common_individuals': 261}
2025-09-19 11:33:05,841 - __main__ - INFO - 모델 적합도: {'log_likelihood': -500.0, 'aic': 1000.0, 'bic': 1100.0, 'rho_squared': 0.3}
2025-09-19 11:33:05,844 - __main__ - INFO - 결과 저장 완료:
2025-09-19 11:33:05,845 - __main__ - INFO -   - JSON: results\current\hybrid_choice_model\hybrid_analysis_random_parameters_logit_20250919_113305.json
2025-09-19 11:33:05,845 - __main__ - INFO -   - 요약: results\current\hybrid_choice_model\hybrid_summary_random_parameters_logit_20250919_113305.txt
2025-09-19 11:33:05,845 - __main__ - INFO -   - CSV: results\current\hybrid_choice_model\hybrid_results_random_parameters_logit_20250919_113305.csv
2025-09-19 11:33:05,845 - __main__ - INFO - 하이브리드 선택 모델 분석이 완료되었습니다.
2025-09-19 11:34:20,640 - root - INFO - No graphviz package found, visualization method is unavailable
2025-09-19 11:34:20,850 - root - ERROR - 기존 FactorConfig 모듈을 찾을 수 없습니다: No module named 'survey_data_preprocessor'
2025-09-19 11:34:21,311 - __main__ - WARNING - 하이브리드 모듈 임포트 실패: cannot import name 'OptimizationConfig' from 'src.analysis.hybrid_choice_model.config.estimation_config' (C:\Users\KimTaeseok\OneDrive - 제주대학교\Research\Coding\Sugar_substitue_2025_Heo\src\analysis\hybrid_choice_model\config\estimation_config.py)
2025-09-19 11:34:21,311 - __main__ - INFO - 기본 분석 기능만 사용 가능합니다.
2025-09-19 11:34:21,314 - __main__ - INFO - 샘플 데이터를 로드합니다...
2025-09-19 11:34:21,452 - __main__ - INFO - 임시 DCE 데이터를 생성했습니다.
2025-09-19 11:34:21,460 - __main__ - INFO - 실제 SEM 데이터 로드 성공: 314개 관측치
2025-09-19 11:34:21,460 - __main__ - INFO - === 모델 비교 분석 시작 ===
2025-09-19 11:34:21,460 - __main__ - INFO - === MULTINOMIAL_LOGIT 모델 분석 시작 (간단 버전) ===
2025-09-19 11:34:21,460 - __main__ - INFO - 1단계: 데이터 통합
2025-09-19 11:34:21,462 - __main__ - INFO - 데이터 통합 완료: 6624개 관측치
2025-09-19 11:34:21,463 - __main__ - INFO - 2단계: 측정모델 분석
2025-09-19 11:34:21,463 - __main__ - INFO - 요인점수 계산 완료: 4개 잠재변수
2025-09-19 11:34:21,465 - __main__ - INFO - 3단계: 선택모델 분석
2025-09-19 11:34:21,466 - __main__ - INFO - multinomial_logit 모델 분석 성공!
2025-09-19 11:34:21,466 - __main__ - INFO - 데이터 요약: {'total_observations': 6624, 'dce_observations': 7224, 'sem_observations': 314, 'common_individuals': 261}
2025-09-19 11:34:21,466 - __main__ - INFO - 모델 적합도: {'log_likelihood': -500.0, 'aic': 1000.0, 'bic': 1100.0, 'rho_squared': 0.3}
2025-09-19 11:34:21,470 - __main__ - INFO - 결과 저장 완료:
2025-09-19 11:34:21,471 - __main__ - INFO -   - JSON: results\current\hybrid_choice_model\hybrid_analysis_multinomial_logit_20250919_113421.json
2025-09-19 11:34:21,471 - __main__ - INFO -   - 요약: results\current\hybrid_choice_model\hybrid_summary_multinomial_logit_20250919_113421.txt
2025-09-19 11:34:21,471 - __main__ - INFO -   - CSV: results\current\hybrid_choice_model\hybrid_results_multinomial_logit_20250919_113421.csv
2025-09-19 11:34:21,471 - __main__ - INFO - === RANDOM_PARAMETERS_LOGIT 모델 분석 시작 (간단 버전) ===
2025-09-19 11:34:21,471 - __main__ - INFO - 1단계: 데이터 통합
2025-09-19 11:34:21,474 - __main__ - INFO - 데이터 통합 완료: 6624개 관측치
2025-09-19 11:34:21,474 - __main__ - INFO - 2단계: 측정모델 분석
2025-09-19 11:34:21,476 - __main__ - INFO - 요인점수 계산 완료: 4개 잠재변수
2025-09-19 11:34:21,476 - __main__ - INFO - 3단계: 선택모델 분석
2025-09-19 11:34:21,476 - __main__ - INFO - random_parameters_logit 모델 분석 성공!
2025-09-19 11:34:21,476 - __main__ - INFO - 데이터 요약: {'total_observations': 6624, 'dce_observations': 7224, 'sem_observations': 314, 'common_individuals': 261}
2025-09-19 11:34:21,478 - __main__ - INFO - 모델 적합도: {'log_likelihood': -500.0, 'aic': 1000.0, 'bic': 1100.0, 'rho_squared': 0.3}
2025-09-19 11:34:21,480 - __main__ - INFO - 결과 저장 완료:
2025-09-19 11:34:21,480 - __main__ - INFO -   - JSON: results\current\hybrid_choice_model\hybrid_analysis_random_parameters_logit_20250919_113421.json
2025-09-19 11:34:21,480 - __main__ - INFO -   - 요약: results\current\hybrid_choice_model\hybrid_summary_random_parameters_logit_20250919_113421.txt
2025-09-19 11:34:21,480 - __main__ - INFO -   - CSV: results\current\hybrid_choice_model\hybrid_results_random_parameters_logit_20250919_113421.csv
2025-09-19 11:34:21,480 - __main__ - INFO - 
=== 모델 비교 결과 요약 ===
2025-09-19 11:34:21,480 - __main__ - ERROR - 분석 실행 중 오류 발생: 'dict' object has no attribute 'success'
2025-09-19 11:43:28,693 - root - INFO - No graphviz package found, visualization method is unavailable
2025-09-19 11:43:28,991 - root - ERROR - 기존 FactorConfig 모듈을 찾을 수 없습니다: No module named 'survey_data_preprocessor'
2025-09-19 11:43:29,554 - __main__ - WARNING - 하이브리드 모듈 임포트 실패: cannot import name 'OptimizationConfig' from 'src.analysis.hybrid_choice_model.config.estimation_config' (C:\Users\KimTaeseok\OneDrive - 제주대학교\Research\Coding\Sugar_substitue_2025_Heo\src\analysis\hybrid_choice_model\config\estimation_config.py)
2025-09-19 11:43:29,554 - __main__ - INFO - 기본 분석 기능만 사용 가능합니다.
2025-09-19 11:43:29,557 - __main__ - INFO - 샘플 데이터를 로드합니다...
2025-09-19 11:43:29,697 - __main__ - INFO - 임시 DCE 데이터를 생성했습니다.
2025-09-19 11:43:29,706 - __main__ - INFO - 실제 SEM 데이터 로드 성공: 314개 관측치
2025-09-19 11:43:29,706 - __main__ - INFO - === MULTINOMIAL_LOGIT 모델 분석 시작 (간단 버전) ===
2025-09-19 11:43:29,706 - __main__ - INFO - 1단계: 데이터 통합
2025-09-19 11:43:29,708 - __main__ - INFO - 데이터 통합 완료: 6624개 관측치
2025-09-19 11:43:29,708 - __main__ - INFO - 2단계: 측정모델 분석
2025-09-19 11:43:29,712 - __main__ - INFO - 요인점수 계산 완료: 4개 잠재변수
2025-09-19 11:43:29,712 - __main__ - INFO - 3단계: 선택모델 분석
2025-09-19 11:43:29,752 - __main__ - INFO - 모델 추정 완료: LL=-4213.73, AIC=8443.46, Rho²=0.001
2025-09-19 11:43:29,753 - __main__ - INFO - multinomial_logit 모델 분석 성공!
2025-09-19 11:43:29,753 - __main__ - INFO - 데이터 요약: {'total_observations': 6624, 'dce_observations': 7224, 'sem_observations': 314, 'common_individuals': 261}
2025-09-19 11:43:29,753 - __main__ - INFO - 모델 적합도: {'log_likelihood': np.float64(-4213.73), 'aic': np.float64(8443.46), 'bic': np.float64(8497.85), 'rho_squared': np.float64(0.001), 'n_parameters': 8, 'n_observations': 6624, 'variables': ['price', 'sugar_content', 'health_label', 'health_concern', 'perceived_benefit', 'purchase_intention', 'perceived_price']}
2025-09-19 11:43:29,758 - __main__ - INFO - 결과 저장 완료:
2025-09-19 11:43:29,758 - __main__ - INFO -   - JSON: results\current\hybrid_choice_model\hybrid_analysis_multinomial_logit_20250919_114329.json
2025-09-19 11:43:29,758 - __main__ - INFO -   - 요약: results\current\hybrid_choice_model\hybrid_summary_multinomial_logit_20250919_114329.txt
2025-09-19 11:43:29,758 - __main__ - INFO -   - CSV: results\current\hybrid_choice_model\hybrid_results_multinomial_logit_20250919_114329.csv
2025-09-19 11:43:29,758 - __main__ - INFO - 하이브리드 선택 모델 분석이 완료되었습니다.
2025-09-19 11:45:28,828 - root - INFO - No graphviz package found, visualization method is unavailable
2025-09-19 11:45:29,043 - root - ERROR - 기존 FactorConfig 모듈을 찾을 수 없습니다: No module named 'survey_data_preprocessor'
2025-09-19 11:45:29,513 - __main__ - WARNING - 하이브리드 모듈 임포트 실패: cannot import name 'OptimizationConfig' from 'src.analysis.hybrid_choice_model.config.estimation_config' (C:\Users\KimTaeseok\OneDrive - 제주대학교\Research\Coding\Sugar_substitue_2025_Heo\src\analysis\hybrid_choice_model\config\estimation_config.py)
2025-09-19 11:45:29,513 - __main__ - INFO - 기본 분석 기능만 사용 가능합니다.
2025-09-19 11:45:29,514 - __main__ - INFO - 샘플 데이터를 로드합니다...
2025-09-19 11:45:29,653 - __main__ - INFO - 임시 DCE 데이터를 생성했습니다.
2025-09-19 11:45:29,660 - __main__ - INFO - 실제 SEM 데이터 로드 성공: 314개 관측치
2025-09-19 11:45:29,660 - __main__ - INFO - === RANDOM_PARAMETERS_LOGIT 모델 분석 시작 (간단 버전) ===
2025-09-19 11:45:29,661 - __main__ - INFO - 1단계: 데이터 통합
2025-09-19 11:45:29,663 - __main__ - INFO - 데이터 통합 완료: 6624개 관측치
2025-09-19 11:45:29,663 - __main__ - INFO - 2단계: 측정모델 분석
2025-09-19 11:45:29,667 - __main__ - INFO - 요인점수 계산 완료: 4개 잠재변수
2025-09-19 11:45:29,667 - __main__ - INFO - 3단계: 선택모델 분석
2025-09-19 11:45:29,702 - __main__ - INFO - 모델 추정 완료: LL=-4213.73, AIC=8443.46, Rho²=0.001
2025-09-19 11:45:29,704 - __main__ - INFO - random_parameters_logit 모델 분석 성공!
2025-09-19 11:45:29,704 - __main__ - INFO - 데이터 요약: {'total_observations': 6624, 'dce_observations': 7224, 'sem_observations': 314, 'common_individuals': 261}
2025-09-19 11:45:29,704 - __main__ - INFO - 모델 적합도: {'log_likelihood': np.float64(-4213.73), 'aic': np.float64(8443.46), 'bic': np.float64(8497.85), 'rho_squared': np.float64(0.001), 'n_parameters': 8, 'n_observations': 6624, 'variables': ['price', 'sugar_content', 'health_label', 'health_concern', 'perceived_benefit', 'purchase_intention', 'perceived_price']}
2025-09-19 11:45:29,708 - __main__ - INFO - 결과 저장 완료:
2025-09-19 11:45:29,708 - __main__ - INFO -   - JSON: results\current\hybrid_choice_model\hybrid_analysis_random_parameters_logit_20250919_114529.json
2025-09-19 11:45:29,708 - __main__ - INFO -   - 요약: results\current\hybrid_choice_model\hybrid_summary_random_parameters_logit_20250919_114529.txt
2025-09-19 11:45:29,708 - __main__ - INFO -   - CSV: results\current\hybrid_choice_model\hybrid_results_random_parameters_logit_20250919_114529.csv
2025-09-19 11:45:29,709 - __main__ - INFO - 하이브리드 선택 모델 분석이 완료되었습니다.
2025-09-19 11:50:01,275 - root - INFO - No graphviz package found, visualization method is unavailable
2025-09-19 11:50:01,503 - root - ERROR - 기존 FactorConfig 모듈을 찾을 수 없습니다: No module named 'survey_data_preprocessor'
2025-09-19 11:50:01,997 - __main__ - WARNING - 하이브리드 모듈 임포트 실패: cannot import name 'OptimizationConfig' from 'src.analysis.hybrid_choice_model.config.estimation_config' (C:\Users\KimTaeseok\OneDrive - 제주대학교\Research\Coding\Sugar_substitue_2025_Heo\src\analysis\hybrid_choice_model\config\estimation_config.py)
2025-09-19 11:50:01,997 - __main__ - INFO - 기본 분석 기능만 사용 가능합니다.
2025-09-19 11:50:01,998 - __main__ - INFO - 샘플 데이터를 로드합니다...
2025-09-19 11:50:02,138 - __main__ - INFO - 임시 DCE 데이터를 생성했습니다.
2025-09-19 11:50:02,147 - __main__ - INFO - 실제 SEM 데이터 로드 성공: 314개 관측치
2025-09-19 11:50:02,147 - __main__ - INFO - === MULTINOMIAL_LOGIT 모델 분석 시작 (간단 버전) ===
2025-09-19 11:50:02,147 - __main__ - INFO - 1단계: 데이터 통합
2025-09-19 11:50:02,149 - __main__ - INFO - 데이터 통합 완료: 6624개 관측치
2025-09-19 11:50:02,149 - __main__ - INFO - 2단계: 측정모델 분석
2025-09-19 11:50:02,153 - __main__ - INFO - 요인점수 계산 완료: 4개 잠재변수
2025-09-19 11:50:02,153 - __main__ - INFO - 3단계: 선택모델 분석
2025-09-19 11:50:02,188 - __main__ - INFO - 모델 추정 완료: LL=-4213.73, AIC=8443.46, Rho²=0.001
2025-09-19 11:50:02,189 - __main__ - INFO - multinomial_logit 모델 분석 성공!
2025-09-19 11:50:02,189 - __main__ - INFO - 데이터 요약: {'total_observations': 6624, 'dce_observations': 7224, 'sem_observations': 314, 'common_individuals': 261}
2025-09-19 11:50:02,189 - __main__ - INFO - 모델 적합도: {'log_likelihood': np.float64(-4213.73), 'aic': np.float64(8443.46), 'bic': np.float64(8497.85), 'rho_squared': np.float64(0.001), 'n_parameters': 8, 'n_observations': 6624, 'variables': ['price', 'sugar_content', 'health_label', 'health_concern', 'perceived_benefit', 'purchase_intention', 'perceived_price'], 'utility_function': {'coefficients': {'price': {'coefficient': -3.9e-05, 'standardized_coef': -0.060331, 't_stat': 'N/A', 'p_value': 'N/A'}, 'sugar_content': {'coefficient': 0.001848, 'standardized_coef': 0.068603, 't_stat': 'N/A', 'p_value': 'N/A'}, 'health_label': {'coefficient': -0.006431, 'standardized_coef': -0.003015, 't_stat': 'N/A', 'p_value': 'N/A'}, 'health_concern': {'coefficient': -0.00147, 'standardized_coef': -0.000998, 't_stat': 'N/A', 'p_value': 'N/A'}, 'perceived_benefit': {'coefficient': 0.003061, 'standardized_coef': 0.001746, 't_stat': 'N/A', 'p_value': 'N/A'}, 'purchase_intention': {'coefficient': -0.000739, 'standardized_coef': -0.000632, 't_stat': 'N/A', 'p_value': 'N/A'}, 'perceived_price': {'coefficient': -0.000672, 'standardized_coef': -0.000399, 't_stat': 'N/A', 'p_value': 'N/A'}, 'intercept': {'coefficient': -0.674243, 'standardized_coef': -0.693913, 't_stat': 'N/A', 'p_value': 'N/A'}}, 'model_type': 'multinomial_logit', 'estimation_method': 'Maximum Likelihood (sklearn)', 'standardization': 'Applied during estimation'}}
2025-09-19 11:50:02,194 - __main__ - INFO - 결과 저장 완료:
2025-09-19 11:50:02,194 - __main__ - INFO -   - JSON: results\current\hybrid_choice_model\hybrid_analysis_multinomial_logit_20250919_115002.json
2025-09-19 11:50:02,194 - __main__ - INFO -   - 요약: results\current\hybrid_choice_model\hybrid_summary_multinomial_logit_20250919_115002.txt
2025-09-19 11:50:02,194 - __main__ - INFO -   - CSV: results\current\hybrid_choice_model\hybrid_results_multinomial_logit_20250919_115002.csv
2025-09-19 11:50:02,195 - __main__ - INFO - 하이브리드 선택 모델 분석이 완료되었습니다.
2025-09-19 11:50:13,624 - root - INFO - No graphviz package found, visualization method is unavailable
2025-09-19 11:50:13,830 - root - ERROR - 기존 FactorConfig 모듈을 찾을 수 없습니다: No module named 'survey_data_preprocessor'
2025-09-19 11:50:14,292 - __main__ - WARNING - 하이브리드 모듈 임포트 실패: cannot import name 'OptimizationConfig' from 'src.analysis.hybrid_choice_model.config.estimation_config' (C:\Users\KimTaeseok\OneDrive - 제주대학교\Research\Coding\Sugar_substitue_2025_Heo\src\analysis\hybrid_choice_model\config\estimation_config.py)
2025-09-19 11:50:14,292 - __main__ - INFO - 기본 분석 기능만 사용 가능합니다.
2025-09-19 11:50:14,294 - __main__ - INFO - 샘플 데이터를 로드합니다...
2025-09-19 11:50:14,431 - __main__ - INFO - 임시 DCE 데이터를 생성했습니다.
2025-09-19 11:50:14,439 - __main__ - INFO - 실제 SEM 데이터 로드 성공: 314개 관측치
2025-09-19 11:50:14,439 - __main__ - INFO - === MULTINOMIAL_LOGIT 모델 분석 시작 (간단 버전) ===
2025-09-19 11:50:14,439 - __main__ - INFO - 1단계: 데이터 통합
2025-09-19 11:50:14,442 - __main__ - INFO - 데이터 통합 완료: 6624개 관측치
2025-09-19 11:50:14,442 - __main__ - INFO - 2단계: 측정모델 분석
2025-09-19 11:50:14,447 - __main__ - INFO - 요인점수 계산 완료: 4개 잠재변수
2025-09-19 11:50:14,447 - __main__ - INFO - 3단계: 선택모델 분석
2025-09-19 11:50:14,481 - __main__ - INFO - 모델 추정 완료: LL=-4213.73, AIC=8443.46, Rho²=0.001
2025-09-19 11:50:14,483 - __main__ - INFO - multinomial_logit 모델 분석 성공!
2025-09-19 11:50:14,483 - __main__ - INFO - 데이터 요약: {'total_observations': 6624, 'dce_observations': 7224, 'sem_observations': 314, 'common_individuals': 261}
2025-09-19 11:50:14,483 - __main__ - INFO - 모델 적합도: {'log_likelihood': np.float64(-4213.73), 'aic': np.float64(8443.46), 'bic': np.float64(8497.85), 'rho_squared': np.float64(0.001), 'n_parameters': 8, 'n_observations': 6624, 'variables': ['price', 'sugar_content', 'health_label', 'health_concern', 'perceived_benefit', 'purchase_intention', 'perceived_price'], 'utility_function': {'coefficients': {'price': {'coefficient': -3.9e-05, 'standardized_coef': -0.060331, 't_stat': 'N/A', 'p_value': 'N/A'}, 'sugar_content': {'coefficient': 0.001848, 'standardized_coef': 0.068603, 't_stat': 'N/A', 'p_value': 'N/A'}, 'health_label': {'coefficient': -0.006431, 'standardized_coef': -0.003015, 't_stat': 'N/A', 'p_value': 'N/A'}, 'health_concern': {'coefficient': -0.00147, 'standardized_coef': -0.000998, 't_stat': 'N/A', 'p_value': 'N/A'}, 'perceived_benefit': {'coefficient': 0.003061, 'standardized_coef': 0.001746, 't_stat': 'N/A', 'p_value': 'N/A'}, 'purchase_intention': {'coefficient': -0.000739, 'standardized_coef': -0.000632, 't_stat': 'N/A', 'p_value': 'N/A'}, 'perceived_price': {'coefficient': -0.000672, 'standardized_coef': -0.000399, 't_stat': 'N/A', 'p_value': 'N/A'}, 'intercept': {'coefficient': -0.674243, 'standardized_coef': -0.693913, 't_stat': 'N/A', 'p_value': 'N/A'}}, 'model_type': 'multinomial_logit', 'estimation_method': 'Maximum Likelihood (sklearn)', 'standardization': 'Applied during estimation'}}
2025-09-19 11:50:14,497 - __main__ - INFO - 결과 저장 완료:
2025-09-19 11:50:14,497 - __main__ - INFO -   - JSON: results\current\hybrid_choice_model\hybrid_analysis_multinomial_logit_20250919_115014.json
2025-09-19 11:50:14,497 - __main__ - INFO -   - 요약: results\current\hybrid_choice_model\hybrid_summary_multinomial_logit_20250919_115014.txt
2025-09-19 11:50:14,497 - __main__ - INFO -   - CSV: results\current\hybrid_choice_model\hybrid_results_multinomial_logit_20250919_115014.csv
2025-09-19 11:50:14,498 - __main__ - INFO - 하이브리드 선택 모델 분석이 완료되었습니다.
